<?xml version="1.0" encoding="UTF-8"?>
<!-- Generated by org.testng.reporters.JUnitXMLReporter -->
<testsuite hostname="CPU351" ignored="3" name="ApprovalsBtnCheck" tests="11" failures="0" timestamp="01 Feb 2019 03:57:39 GMT" time="83.11" errors="0">
  <testcase name="Login" time="7.366" classname="Scripts.Login_Script"/>
  <testcase name="approvalPageBtn" time="0.0" classname="Scripts.ApprovalsBtnCheck_Script"/>
  <testcase name="approvalPageBtn" time="5.833" classname="Scripts.ApprovalsBtnCheck_Script"/>
  <testcase name="approvalPageBtn" time="5.834" classname="Scripts.ApprovalsBtnCheck_Script"/>
  <testcase name="approvalPageBtn" time="5.82" classname="Scripts.ApprovalsBtnCheck_Script"/>
  <testcase name="approvalPageBtn" time="13.006" classname="Scripts.ApprovalsBtnCheck_Script"/>
  <testcase name="approvalPageBtn" time="18.489" classname="Scripts.ApprovalsBtnCheck_Script"/>
  <testcase name="approvalPageBtn" time="11.367" classname="Scripts.ApprovalsBtnCheck_Script"/>
  <testcase name="approvalPageBtn" time="11.434" classname="Scripts.ApprovalsBtnCheck_Script"/>
  <testcase name="approvalPageBtn" time="0.0" classname="Scripts.ApprovalsBtnCheck_Script"/>
  <testcase name="approvalPageBtn" time="0.0" classname="Scripts.ApprovalsBtnCheck_Script"/>
  <testcase name="@BeforeSuite createreport" time="0.0" classname="Generic_Library.Basefunctions">
    <ignored/>
  </testcase> <!-- @BeforeSuite createreport -->
  <testcase name="@BeforeTest launch" time="0.0" classname="Generic_Library.Basefunctions">
    <ignored/>
  </testcase> <!-- @BeforeTest launch -->
  <testcase name="@AfterTest closeapp" time="0.0" classname="Generic_Library.Basefunctions">
    <ignored/>
  </testcase> <!-- @AfterTest closeapp -->
</testsuite> <!-- ApprovalsBtnCheck -->
