<?xml version="1.0" encoding="UTF-8"?>
<!-- Generated by org.testng.reporters.JUnitXMLReporter -->
<testsuite hostname="CPU351" ignored="3" name="Approvals" tests="11" failures="0" timestamp="01 Feb 2019 03:56:16 GMT" time="72.045" errors="0">
  <testcase name="Login" time="7.644" classname="Scripts.Login_Script"/>
  <testcase name="approval" time="60.453" classname="Scripts.Approvals_Script"/>
  <testcase name="approval" time="0.0" classname="Scripts.Approvals_Script"/>
  <testcase name="approval" time="0.0" classname="Scripts.Approvals_Script"/>
  <testcase name="approval" time="0.0" classname="Scripts.Approvals_Script"/>
  <testcase name="approval" time="0.0" classname="Scripts.Approvals_Script"/>
  <testcase name="approval" time="0.0" classname="Scripts.Approvals_Script"/>
  <testcase name="approval" time="0.0" classname="Scripts.Approvals_Script"/>
  <testcase name="approval" time="0.0" classname="Scripts.Approvals_Script"/>
  <testcase name="approval" time="0.0" classname="Scripts.Approvals_Script"/>
  <testcase name="approval" time="0.0" classname="Scripts.Approvals_Script"/>
  <testcase name="@BeforeSuite createreport" time="0.0" classname="Generic_Library.Basefunctions">
    <ignored/>
  </testcase> <!-- @BeforeSuite createreport -->
  <testcase name="@BeforeTest launch" time="0.0" classname="Generic_Library.Basefunctions">
    <ignored/>
  </testcase> <!-- @BeforeTest launch -->
  <testcase name="@AfterTest closeapp" time="0.0" classname="Generic_Library.Basefunctions">
    <ignored/>
  </testcase> <!-- @AfterTest closeapp -->
</testsuite> <!-- Approvals -->
