<?xml version="1.0" encoding="UTF-8"?>
<!-- Generated by org.testng.reporters.JUnitXMLReporter -->
<testsuite hostname="CPU351" ignored="3" name="Authentication" tests="3" failures="0" timestamp="04 Feb 2019 04:49:52 GMT" time="102.542" errors="0">
  <testcase name="Login" time="7.783" classname="Scripts.Login_Script"/>
  <testcase name="authenticationType" time="69.403" classname="Scripts.AuthenticationType_Script"/>
  <testcase name="authenticationTypeKBA" time="19.923" classname="Scripts.AuthenticationType_Script"/>
  <testcase name="@BeforeSuite createreport" time="0.0" classname="Generic_Library.Basefunctions">
    <ignored/>
  </testcase> <!-- @BeforeSuite createreport -->
  <testcase name="@BeforeTest launch" time="0.0" classname="Generic_Library.Basefunctions">
    <ignored/>
  </testcase> <!-- @BeforeTest launch -->
  <testcase name="@AfterTest closeapp" time="0.0" classname="Generic_Library.Basefunctions">
    <ignored/>
  </testcase> <!-- @AfterTest closeapp -->
</testsuite> <!-- Authentication -->
