<?xml version="1.0" encoding="UTF-8"?>
<!-- Generated by org.testng.reporters.JUnitXMLReporter -->
<testsuite hostname="CPU351" ignored="3" name="Myaccess" tests="3" failures="1" timestamp="30 Apr 2019 04:28:23 GMT" time="51.948" errors="0">
  <testcase name="Login" time="9.963" classname="Scripts.Login_Script"/>
  <testcase name="myAccess" time="15.934" classname="Scripts.MyAccess_Script">
    <failure type="java.lang.IllegalArgumentException" message="bound must be positive">
      <![CDATA[java.lang.IllegalArgumentException: bound must be positive
at java.util.Random.nextInt(Unknown Source)
at Page_Factory.pf_MyAccessPage.myaccess(pf_MyAccessPage.java:64)
at Scripts.MyAccess_Script.myAccess(MyAccess_Script.java:18)
... Removed 25 stack frames]]>
    </failure>
  </testcase> <!-- myAccess -->
  <testcase name="myAccessGrid" time="18.983" classname="Scripts.MyAccess_Script"/>
  <testcase name="@BeforeSuite createreport" time="0.0" classname="Generic_Library.Basefunctions">
    <ignored/>
  </testcase> <!-- @BeforeSuite createreport -->
  <testcase name="@BeforeTest launch" time="0.0" classname="Generic_Library.Basefunctions">
    <ignored/>
  </testcase> <!-- @BeforeTest launch -->
  <testcase name="@AfterTest closeapp" time="0.0" classname="Generic_Library.Basefunctions">
    <ignored/>
  </testcase> <!-- @AfterTest closeapp -->
</testsuite> <!-- Myaccess -->
