<?xml version="1.0" encoding="UTF-8"?>
<!-- Generated by org.testng.reporters.JUnitXMLReporter -->
<testsuite hostname="CPU351" ignored="3" name="ReviewAccess" tests="9" failures="0" timestamp="01 Feb 2019 09:21:25 GMT" time="66.424" errors="0">
  <testcase name="Login" time="7.586" classname="Scripts.Login_Script"/>
  <testcase name="pendingDelegate" time="0.128" classname="Scripts.ReviewAccess_Script"/>
  <testcase name="pendingDelegate" time="0.0" classname="Scripts.ReviewAccess_Script"/>
  <testcase name="pendingDelegate" time="23.449" classname="Scripts.ReviewAccess_Script"/>
  <testcase name="pendingDelegate" time="0.016" classname="Scripts.ReviewAccess_Script"/>
  <testcase name="pendingMultiDelegate" time="0.0" classname="Scripts.ReviewAccess_Script"/>
  <testcase name="pendingMultiDelegate" time="0.0" classname="Scripts.ReviewAccess_Script"/>
  <testcase name="pendingMultiDelegate" time="0.0" classname="Scripts.ReviewAccess_Script"/>
  <testcase name="pendingMultiDelegate" time="29.814" classname="Scripts.ReviewAccess_Script"/>
  <testcase name="@BeforeSuite createreport" time="0.0" classname="Generic_Library.Basefunctions">
    <ignored/>
  </testcase> <!-- @BeforeSuite createreport -->
  <testcase name="@BeforeTest launch" time="0.0" classname="Generic_Library.Basefunctions">
    <ignored/>
  </testcase> <!-- @BeforeTest launch -->
  <testcase name="@AfterTest closeapp" time="0.0" classname="Generic_Library.Basefunctions">
    <ignored/>
  </testcase> <!-- @AfterTest closeapp -->
</testsuite> <!-- ReviewAccess -->
